<?xml version="1.0" encoding="UTF-8"?>
<!-- Generated by org.testng.reporters.JUnitXMLReporter -->
<testsuite hostname="admin1-LIVA-Z2V" ignored="0" name="Default test" tests="10" failures="0" timestamp="08 Dec 2019 07:54:24 GMT" time="5.282" errors="0">
  <testcase name="addUserApiTest" time="2.807" classname="com.bridgelabz.fundoonote.restassuredapitest.UserRestAssuredApiTest"/>
  <testcase name="deleteUserApiTest" time="0.324" classname="com.bridgelabz.fundoonote.restassuredapitest.UserRestAssuredApiTest"/>
  <testcase name="forgetPasswordTest" time="0.103" classname="com.bridgelabz.fundoonote.restassuredapitest.UserRestAssuredApiTest"/>
  <testcase name="getAllUser" time="0.647" classname="com.bridgelabz.fundoonote.restassuredapitest.UserRestAssuredApiTest"/>
  <testcase name="getAllUserApiTest" time="1.089" classname="com.bridgelabz.fundoonote.restassuredapitest.UserRestAssuredApiTest"/>
  <testcase name="loginApiTest" time="0.036" classname="com.bridgelabz.fundoonote.restassuredapitest.UserRestAssuredApiTest"/>
  <testcase name="loginApiTestWithWrongEmail" time="0.05" classname="com.bridgelabz.fundoonote.restassuredapitest.UserRestAssuredApiTest"/>
  <testcase name="loginApiTestWithWrongPassword" time="0.064" classname="com.bridgelabz.fundoonote.restassuredapitest.UserRestAssuredApiTest"/>
  <testcase name="resetPasswordTest" time="0.05" classname="com.bridgelabz.fundoonote.restassuredapitest.UserRestAssuredApiTest"/>
  <testcase name="searchUserApiTest" time="0.044" classname="com.bridgelabz.fundoonote.restassuredapitest.UserRestAssuredApiTest"/>
</testsuite> <!-- Default test -->
