<?xml version="1.0" encoding="UTF-8"?>
<testng-results skipped="0" failed="0" ignored="0" total="10" passed="10">
  <reporter-output>
  </reporter-output>
  <suite name="Default suite" duration-ms="5282" started-at="2019-12-08T07:54:19Z" finished-at="2019-12-08T07:54:24Z">
    <groups>
    </groups>
    <test name="Default test" duration-ms="5282" started-at="2019-12-08T07:54:19Z" finished-at="2019-12-08T07:54:24Z">
      <class name="com.bridgelabz.fundoonote.restassuredapitest.UserRestAssuredApiTest">
        <test-method status="PASS" signature="addUserApiTest()[pri:0, instance:com.bridgelabz.fundoonote.restassuredapitest.UserRestAssuredApiTest@610694f1]" name="addUserApiTest" duration-ms="2807" started-at="2019-12-08T07:54:19Z" finished-at="2019-12-08T07:54:22Z">
          <reporter-output>
          </reporter-output>
        </test-method> <!-- addUserApiTest -->
        <test-method status="PASS" signature="deleteUserApiTest()[pri:0, instance:com.bridgelabz.fundoonote.restassuredapitest.UserRestAssuredApiTest@610694f1]" name="deleteUserApiTest" duration-ms="324" started-at="2019-12-08T07:54:22Z" finished-at="2019-12-08T07:54:22Z">
          <reporter-output>
          </reporter-output>
        </test-method> <!-- deleteUserApiTest -->
        <test-method status="PASS" signature="forgetPasswordTest()[pri:0, instance:com.bridgelabz.fundoonote.restassuredapitest.UserRestAssuredApiTest@610694f1]" name="forgetPasswordTest" duration-ms="103" started-at="2019-12-08T07:54:22Z" finished-at="2019-12-08T07:54:22Z">
          <reporter-output>
          </reporter-output>
        </test-method> <!-- forgetPasswordTest -->
        <test-method status="PASS" signature="getAllUser()[pri:0, instance:com.bridgelabz.fundoonote.restassuredapitest.UserRestAssuredApiTest@610694f1]" name="getAllUser" duration-ms="647" started-at="2019-12-08T07:54:22Z" finished-at="2019-12-08T07:54:23Z">
          <reporter-output>
          </reporter-output>
        </test-method> <!-- getAllUser -->
        <test-method status="PASS" signature="getAllUserApiTest()[pri:0, instance:com.bridgelabz.fundoonote.restassuredapitest.UserRestAssuredApiTest@610694f1]" name="getAllUserApiTest" duration-ms="1089" started-at="2019-12-08T07:54:23Z" finished-at="2019-12-08T07:54:24Z">
          <reporter-output>
          </reporter-output>
        </test-method> <!-- getAllUserApiTest -->
        <test-method status="PASS" signature="loginApiTest()[pri:0, instance:com.bridgelabz.fundoonote.restassuredapitest.UserRestAssuredApiTest@610694f1]" name="loginApiTest" duration-ms="36" started-at="2019-12-08T07:54:24Z" finished-at="2019-12-08T07:54:24Z">
          <reporter-output>
          </reporter-output>
        </test-method> <!-- loginApiTest -->
        <test-method status="PASS" signature="loginApiTestWithWrongEmail()[pri:0, instance:com.bridgelabz.fundoonote.restassuredapitest.UserRestAssuredApiTest@610694f1]" name="loginApiTestWithWrongEmail" duration-ms="50" started-at="2019-12-08T07:54:24Z" finished-at="2019-12-08T07:54:24Z">
          <reporter-output>
          </reporter-output>
        </test-method> <!-- loginApiTestWithWrongEmail -->
        <test-method status="PASS" signature="loginApiTestWithWrongPassword()[pri:0, instance:com.bridgelabz.fundoonote.restassuredapitest.UserRestAssuredApiTest@610694f1]" name="loginApiTestWithWrongPassword" duration-ms="64" started-at="2019-12-08T07:54:24Z" finished-at="2019-12-08T07:54:24Z">
          <reporter-output>
          </reporter-output>
        </test-method> <!-- loginApiTestWithWrongPassword -->
        <test-method status="PASS" signature="resetPasswordTest()[pri:0, instance:com.bridgelabz.fundoonote.restassuredapitest.UserRestAssuredApiTest@610694f1]" name="resetPasswordTest" duration-ms="50" started-at="2019-12-08T07:54:24Z" finished-at="2019-12-08T07:54:24Z">
          <reporter-output>
          </reporter-output>
        </test-method> <!-- resetPasswordTest -->
        <test-method status="PASS" signature="searchUserApiTest()[pri:0, instance:com.bridgelabz.fundoonote.restassuredapitest.UserRestAssuredApiTest@610694f1]" name="searchUserApiTest" duration-ms="44" started-at="2019-12-08T07:54:24Z" finished-at="2019-12-08T07:54:24Z">
          <reporter-output>
          </reporter-output>
        </test-method> <!-- searchUserApiTest -->
      </class> <!-- com.bridgelabz.fundoonote.restassuredapitest.UserRestAssuredApiTest -->
    </test> <!-- Default test -->
  </suite> <!-- Default suite -->
</testng-results>
